<?xml version="1.0" encoding="UTF-8"?>
<!-- Generated by org.testng.reporters.JUnitReportReporter -->
<testsuite skipped="0" hostname="LAPTOP-9JP85U77" name="TestNG.Sample" tests="2" failures="0" timestamp="29 Nov 2021 02:44:29 GMT" time="0.012" errors="0">
  <testcase name="g" time="0.004" classname="TestNG.Sample"/>
  <testcase name="f" time="0.008" classname="TestNG.Sample"/>
</testsuite> <!-- TestNG.Sample -->
