<?xml version="1.0" encoding="UTF-8"?>
<!-- Generated by org.testng.reporters.JUnitReportReporter -->
<testsuite skipped="0" hostname="LAPTOP-9JP85U77" name="TestNG.HMSLOGINLOGOUT" tests="1" failures="0" timestamp="30 Nov 2021 02:51:05 GMT" time="0.953" errors="0">
  <testcase name="verifyLogin" time="0.953" classname="TestNG.HMSLOGINLOGOUT"/>
</testsuite> <!-- TestNG.HMSLOGINLOGOUT -->
