<?xml version="1.0" encoding="UTF-8"?>
<!-- Generated by org.testng.reporters.JUnitReportReporter -->
<testsuite skipped="0" hostname="LAPTOP-9JP85U77" name="iostreams.Login_TD" tests="1" failures="0" timestamp="30 Dec 2021 12:05:12 GMT" time="1.279" errors="0">
  <testcase name="f" time="1.279" classname="iostreams.Login_TD"/>
</testsuite> <!-- iostreams.Login_TD -->
