<?xml version="1.0" encoding="UTF-8"?>
<!-- Generated by org.testng.reporters.JUnitReportReporter -->
<testsuite skipped="0" hostname="LAPTOP-9JP85U77" name="iostreams.ReadDataFromExcel" tests="1" failures="0" timestamp="30 Dec 2021 11:15:44 GMT" time="0.113" errors="0">
  <testcase name="beforeTest" time="0.113" classname="iostreams.ReadDataFromExcel"/>
</testsuite> <!-- iostreams.ReadDataFromExcel -->
