<?xml version="1.0" encoding="UTF-8"?>
<!-- Generated by org.testng.reporters.JUnitReportReporter -->
<testsuite skipped="0" hostname="LAPTOP-9JP85U77" name="TestNG.Googlelanguages" tests="1" failures="0" timestamp="29 Nov 2021 03:06:51 GMT" time="16.650" errors="0">
  <testcase name="googleLinks" time="16.650" classname="TestNG.Googlelanguages"/>
</testsuite> <!-- TestNG.Googlelanguages -->
