<?xml version="1.0" encoding="UTF-8"?>
<!-- Generated by org.testng.reporters.JUnitReportReporter -->
<testsuite skipped="0" hostname="LAPTOP-9JP85U77" name="TestNG.ValidateDropdown" tests="1" failures="0" timestamp="17 Dec 2021 08:28:58 GMT" time="0.343" errors="0">
  <testcase name="f" time="0.343" classname="TestNG.ValidateDropdown"/>
</testsuite> <!-- TestNG.ValidateDropdown -->
