<?xml version="1.0" encoding="UTF-8"?>
<!-- Generated by org.testng.reporters.JUnitReportReporter -->
<testsuite skipped="0" hostname="LAPTOP-9JP85U77" name="iostreams.Login_Retesting" tests="1" failures="0" timestamp="03 Jan 2022 09:37:00 GMT" time="41.893" errors="0">
  <testcase name="hmsLoginLogout" time="41.893" classname="iostreams.Login_Retesting"/>
</testsuite> <!-- iostreams.Login_Retesting -->
