<?xml version="1.0" encoding="UTF-8"?>
<!-- Generated by org.testng.reporters.JUnitReportReporter -->
<testsuite skipped="0" hostname="LAPTOP-9JP85U77" name="TestNG.HMS_alerts" tests="2" failures="0" timestamp="01 Dec 2021 02:48:11 GMT" time="3.140" errors="0">
  <testcase name="verifyLogin" time="2.093" classname="TestNG.HMS_alerts"/>
  <testcase name="verifyRegistration" time="1.047" classname="TestNG.HMS_alerts"/>
</testsuite> <!-- TestNG.HMS_alerts -->
