<?xml version="1.0" encoding="UTF-8"?>
<!-- Generated by org.testng.reporters.JUnitReportReporter -->
<testsuite skipped="0" hostname="LAPTOP-9JP85U77" name="iostreams.Login_OR" tests="2" failures="0" timestamp="30 Dec 2021 12:42:47 GMT" time="2.382" errors="0">
  <testcase name="hmsLogout" time="0.762" classname="iostreams.Login_OR"/>
  <testcase name="hmsLogin" time="1.620" classname="iostreams.Login_OR"/>
</testsuite> <!-- iostreams.Login_OR -->
