<?xml version="1.0" encoding="UTF-8"?>
<!-- Generated by org.testng.reporters.JUnitReportReporter -->
<testsuite skipped="0" hostname="LAPTOP-9JP85U77" name="TestNG.AjaxHandling" tests="1" failures="0" timestamp="17 Dec 2021 05:10:12 GMT" time="7.772" errors="0">
  <testcase name="f" time="7.772" classname="TestNG.AjaxHandling"/>
</testsuite> <!-- TestNG.AjaxHandling -->
