<?xml version="1.0" encoding="UTF-8"?>
<!-- Generated by org.testng.reporters.JUnitReportReporter -->
<testsuite skipped="0" hostname="LAPTOP-9JP85U77" name="TestNG.Dependency_Tests" tests="4" failures="0" timestamp="24 Dec 2021 10:44:27 GMT" time="0.016" errors="0">
  <testcase name="red" time="0.002" classname="TestNG.Dependency_Tests"/>
  <testcase name="white" time="0.002" classname="TestNG.Dependency_Tests"/>
  <testcase name="yellow" time="0.003" classname="TestNG.Dependency_Tests"/>
  <testcase name="green" time="0.009" classname="TestNG.Dependency_Tests"/>
</testsuite> <!-- TestNG.Dependency_Tests -->
