<?xml version="1.0" encoding="UTF-8"?>
<!-- Generated by org.testng.reporters.JUnitReportReporter -->
<testsuite skipped="0" hostname="LAPTOP-9JP85U77" name="TestNG.ValidationCommands" tests="1" failures="0" timestamp="24 Dec 2021 10:26:51 GMT" time="8.957" errors="0">
  <testcase name="validationCommands" time="8.957" classname="TestNG.ValidationCommands"/>
</testsuite> <!-- TestNG.ValidationCommands -->
